<?xml version="1.0" encoding="UTF-8"?>
<coverage generated="1648805098374" clover="3.2.0">
  <project timestamp="1648805098374" name="All files">
    <metrics statements="105" coveredstatements="93" conditionals="42" coveredconditionals="35" methods="4" coveredmethods="3" elements="151" coveredelements="131" complexity="0" loc="105" ncloc="105" packages="1" files="5" classes="5"/>
    <file name="check.option.js" path="C:\Users\svolt\Desktop\String gen\random-string\lib\check.option.js">
      <metrics statements="26" coveredstatements="20" conditionals="18" coveredconditionals="14" methods="1" coveredmethods="1"/>
      <line num="2" count="1" type="stmt"/>
      <line num="3" count="1" type="stmt"/>
      <line num="4" count="1" type="stmt"/>
      <line num="5" count="1" type="stmt"/>
      <line num="6" count="11" type="stmt"/>
      <line num="7" count="11" type="cond" truecount="2" falsecount="0"/>
      <line num="8" count="4" type="stmt"/>
      <line num="9" count="4" type="cond" truecount="2" falsecount="0"/>
      <line num="16" count="4" type="stmt"/>
      <line num="17" count="4" type="stmt"/>
      <line num="18" count="43" type="stmt"/>
      <line num="21" count="11" type="cond" truecount="1" falsecount="1"/>
      <line num="22" count="0" type="stmt"/>
      <line num="23" count="0" type="stmt"/>
      <line num="24" count="0" type="stmt"/>
      <line num="25" count="0" type="stmt"/>
      <line num="28" count="11" type="cond" truecount="1" falsecount="1"/>
      <line num="29" count="0" type="stmt"/>
      <line num="31" count="11" type="cond" truecount="1" falsecount="1"/>
      <line num="32" count="0" type="stmt"/>
      <line num="34" count="11" type="cond" truecount="2" falsecount="0"/>
      <line num="35" count="2" type="stmt"/>
      <line num="37" count="9" type="cond" truecount="2" falsecount="0"/>
      <line num="38" count="2" type="stmt"/>
      <line num="40" count="7" type="stmt"/>
      <line num="42" count="1" type="stmt"/>
    </file>
    <file name="cryptorandomt.js" path="C:\Users\svolt\Desktop\String gen\random-string\lib\cryptorandomt.js">
      <metrics statements="10" coveredstatements="10" conditionals="0" coveredconditionals="0" methods="1" coveredmethods="1"/>
      <line num="2" count="1" type="stmt"/>
      <line num="3" count="1" type="stmt"/>
      <line num="4" count="1" type="stmt"/>
      <line num="5" count="1" type="stmt"/>
      <line num="6" count="106" type="stmt"/>
      <line num="7" count="106" type="stmt"/>
      <line num="8" count="106" type="stmt"/>
      <line num="9" count="106" type="stmt"/>
      <line num="10" count="106" type="stmt"/>
      <line num="12" count="1" type="stmt"/>
    </file>
    <file name="emoji.js" path="C:\Users\svolt\Desktop\String gen\random-string\lib\emoji.js">
      <metrics statements="3" coveredstatements="3" conditionals="0" coveredconditionals="0" methods="0" coveredmethods="0"/>
      <line num="2" count="1" type="stmt"/>
      <line num="3" count="1" type="stmt"/>
      <line num="4" count="1" type="stmt"/>
    </file>
    <file name="index.js" path="C:\Users\svolt\Desktop\String gen\random-string\lib\index.js">
      <metrics statements="56" coveredstatements="50" conditionals="24" coveredconditionals="21" methods="2" coveredmethods="1"/>
      <line num="2" count="1" type="stmt"/>
      <line num="3" count="1" type="stmt"/>
      <line num="4" count="1" type="stmt"/>
      <line num="5" count="1" type="stmt"/>
      <line num="6" count="1" type="stmt"/>
      <line num="7" count="1" type="stmt"/>
      <line num="12" count="1" type="stmt"/>
      <line num="13" count="15" type="stmt"/>
      <line num="14" count="15" type="cond" truecount="4" falsecount="0"/>
      <line num="15" count="2" type="cond" truecount="2" falsecount="0"/>
      <line num="16" count="2" type="stmt"/>
      <line num="17" count="2" type="stmt"/>
      <line num="18" count="2" type="stmt"/>
      <line num="19" count="25" type="stmt"/>
      <line num="22" count="13" type="cond" truecount="1" falsecount="1"/>
      <line num="23" count="13" type="cond" truecount="2" falsecount="0"/>
      <line num="24" count="2" type="stmt"/>
      <line num="26" count="13" type="cond" truecount="2" falsecount="0"/>
      <line num="27" count="3" type="stmt"/>
      <line num="28" count="3" type="stmt"/>
      <line num="29" count="3" type="stmt"/>
      <line num="30" count="22" type="stmt"/>
      <line num="32" count="3" type="stmt"/>
      <line num="34" count="10" type="cond" truecount="2" falsecount="0"/>
      <line num="35" count="2" type="stmt"/>
      <line num="36" count="2" type="stmt"/>
      <line num="38" count="8" type="cond" truecount="2" falsecount="0"/>
      <line num="39" count="1" type="stmt"/>
      <line num="40" count="6" type="stmt"/>
      <line num="43" count="7" type="cond" truecount="2" falsecount="0"/>
      <line num="44" count="1" type="stmt"/>
      <line num="45" count="6" type="stmt"/>
      <line num="48" count="6" type="cond" truecount="2" falsecount="0"/>
      <line num="49" count="1" type="stmt"/>
      <line num="50" count="1" type="stmt"/>
      <line num="51" count="6" type="stmt"/>
      <line num="53" count="1" type="stmt"/>
      <line num="55" count="5" type="cond" truecount="2" falsecount="0"/>
      <line num="56" count="3" type="stmt"/>
      <line num="57" count="3" type="stmt"/>
      <line num="58" count="18" type="stmt"/>
      <line num="60" count="3" type="stmt"/>
      <line num="63" count="2" type="stmt"/>
      <line num="64" count="2" type="stmt"/>
      <line num="65" count="21" type="stmt"/>
      <line num="67" count="2" type="stmt"/>
      <line num="70" count="15" type="stmt"/>
      <line num="72" count="1" type="stmt"/>
      <line num="73" count="1" type="stmt"/>
      <line num="74" count="0" type="cond" truecount="0" falsecount="2"/>
      <line num="75" count="0" type="stmt"/>
      <line num="76" count="0" type="stmt"/>
      <line num="77" count="0" type="stmt"/>
      <line num="78" count="0" type="stmt"/>
      <line num="80" count="0" type="stmt"/>
      <line num="82" count="1" type="stmt"/>
    </file>
    <file name="types.js" path="C:\Users\svolt\Desktop\String gen\random-string\lib\types.js">
      <metrics statements="10" coveredstatements="10" conditionals="0" coveredconditionals="0" methods="0" coveredmethods="0"/>
      <line num="2" count="1" type="stmt"/>
      <line num="3" count="1" type="stmt"/>
      <line num="4" count="1" type="stmt"/>
      <line num="5" count="1" type="stmt"/>
      <line num="6" count="1" type="stmt"/>
      <line num="7" count="1" type="stmt"/>
      <line num="8" count="1" type="stmt"/>
      <line num="9" count="1" type="stmt"/>
      <line num="10" count="1" type="stmt"/>
      <line num="11" count="1" type="stmt"/>
    </file>
  </project>
</coverage>
