{"C:\\Users\\svolt\\Desktop\\String gen\\random-string\\lib\\check.option.js": {"path":"C:\\Users\\svolt\\Desktop\\String gen\\random-string\\lib\\check.option.js","statementMap":{"0":{"start":{"line":2,"column":0},"end":{"line":2,"column":62}},"1":{"start":{"line":3,"column":0},"end":{"line":3,"column":30}},"2":{"start":{"line":4,"column":14},"end":{"line":4,"column":32}},"3":{"start":{"line":5,"column":19},"end":{"line":41,"column":1}},"4":{"start":{"line":6,"column":20},"end":{"line":6,"column":26}},"5":{"start":{"line":7,"column":4},"end":{"line":20,"column":5}},"6":{"start":{"line":8,"column":8},"end":{"line":8,"column":23}},"7":{"start":{"line":9,"column":25},"end":{"line":15,"column":51}},"8":{"start":{"line":16,"column":31},"end":{"line":16,"column":48}},"9":{"start":{"line":17,"column":8},"end":{"line":19,"column":9}},"10":{"start":{"line":17,"column":21},"end":{"line":17,"column":22}},"11":{"start":{"line":18,"column":12},"end":{"line":18,"column":89}},"12":{"start":{"line":21,"column":4},"end":{"line":27,"column":5}},"13":{"start":{"line":22,"column":8},"end":{"line":22,"column":23}},"14":{"start":{"line":23,"column":31},"end":{"line":23,"column":53}},"15":{"start":{"line":24,"column":8},"end":{"line":26,"column":9}},"16":{"start":{"line":24,"column":21},"end":{"line":24,"column":22}},"17":{"start":{"line":25,"column":12},"end":{"line":25,"column":94}},"18":{"start":{"line":28,"column":4},"end":{"line":30,"column":5}},"19":{"start":{"line":29,"column":8},"end":{"line":29,"column":46}},"20":{"start":{"line":31,"column":4},"end":{"line":33,"column":5}},"21":{"start":{"line":32,"column":8},"end":{"line":32,"column":46}},"22":{"start":{"line":34,"column":4},"end":{"line":36,"column":5}},"23":{"start":{"line":35,"column":8},"end":{"line":35,"column":39}},"24":{"start":{"line":37,"column":4},"end":{"line":39,"column":5}},"25":{"start":{"line":38,"column":8},"end":{"line":38,"column":39}},"26":{"start":{"line":40,"column":4},"end":{"line":40,"column":21}},"27":{"start":{"line":42,"column":0},"end":{"line":42,"column":36}}},"fnMap":{"0":{"name":"(anonymous_0)","decl":{"start":{"line":5,"column":19},"end":{"line":5,"column":20}},"loc":{"start":{"line":5,"column":45},"end":{"line":41,"column":1}},"line":5}},"branchMap":{"0":{"loc":{"start":{"line":7,"column":4},"end":{"line":20,"column":5}},"type":"if","locations":[{"start":{"line":7,"column":4},"end":{"line":20,"column":5}},{"start":{},"end":{}}],"line":7},"1":{"loc":{"start":{"line":9,"column":25},"end":{"line":15,"column":51}},"type":"cond-expr","locations":[{"start":{"line":10,"column":14},"end":{"line":10,"column":59}},{"start":{"line":11,"column":14},"end":{"line":15,"column":51}}],"line":9},"2":{"loc":{"start":{"line":11,"column":14},"end":{"line":15,"column":51}},"type":"cond-expr","locations":[{"start":{"line":12,"column":18},"end":{"line":12,"column":38}},{"start":{"line":13,"column":18},"end":{"line":15,"column":51}}],"line":11},"3":{"loc":{"start":{"line":13,"column":18},"end":{"line":15,"column":51}},"type":"cond-expr","locations":[{"start":{"line":14,"column":22},"end":{"line":14,"column":44}},{"start":{"line":15,"column":22},"end":{"line":15,"column":51}}],"line":13},"4":{"loc":{"start":{"line":21,"column":4},"end":{"line":27,"column":5}},"type":"if","locations":[{"start":{"line":21,"column":4},"end":{"line":27,"column":5}},{"start":{},"end":{}}],"line":21},"5":{"loc":{"start":{"line":28,"column":4},"end":{"line":30,"column":5}},"type":"if","locations":[{"start":{"line":28,"column":4},"end":{"line":30,"column":5}},{"start":{},"end":{}}],"line":28},"6":{"loc":{"start":{"line":31,"column":4},"end":{"line":33,"column":5}},"type":"if","locations":[{"start":{"line":31,"column":4},"end":{"line":33,"column":5}},{"start":{},"end":{}}],"line":31},"7":{"loc":{"start":{"line":34,"column":4},"end":{"line":36,"column":5}},"type":"if","locations":[{"start":{"line":34,"column":4},"end":{"line":36,"column":5}},{"start":{},"end":{}}],"line":34},"8":{"loc":{"start":{"line":37,"column":4},"end":{"line":39,"column":5}},"type":"if","locations":[{"start":{"line":37,"column":4},"end":{"line":39,"column":5}},{"start":{},"end":{}}],"line":37}},"s":{"0":1,"1":1,"2":1,"3":1,"4":11,"5":11,"6":4,"7":4,"8":4,"9":4,"10":4,"11":43,"12":11,"13":0,"14":0,"15":0,"16":0,"17":0,"18":11,"19":0,"20":11,"21":0,"22":11,"23":2,"24":9,"25":2,"26":7,"27":1},"f":{"0":11},"b":{"0":[4,7],"1":[1,3],"2":[1,2],"3":[0,2],"4":[0,11],"5":[0,11],"6":[0,11],"7":[2,9],"8":[2,7]},"_coverageSchema":"1a1c01bbd47fc00a2c39e90264f33305004495a9","hash":"e6922e54594073e041a46de2664aec3709add07a"}
,"C:\\Users\\svolt\\Desktop\\String gen\\random-string\\lib\\cryptorandomt.js": {"path":"C:\\Users\\svolt\\Desktop\\String gen\\random-string\\lib\\cryptorandomt.js","statementMap":{"0":{"start":{"line":2,"column":0},"end":{"line":2,"column":62}},"1":{"start":{"line":3,"column":0},"end":{"line":3,"column":36}},"2":{"start":{"line":4,"column":13},"end":{"line":4,"column":30}},"3":{"start":{"line":5,"column":25},"end":{"line":11,"column":1}},"4":{"start":{"line":6,"column":14},"end":{"line":6,"column":15}},"5":{"start":{"line":7,"column":16},"end":{"line":7,"column":51}},"6":{"start":{"line":8,"column":20},"end":{"line":8,"column":43}},"7":{"start":{"line":9,"column":4},"end":{"line":9,"column":62}},"8":{"start":{"line":10,"column":4},"end":{"line":10,"column":21}},"9":{"start":{"line":12,"column":0},"end":{"line":12,"column":48}}},"fnMap":{"0":{"name":"(anonymous_0)","decl":{"start":{"line":5,"column":25},"end":{"line":5,"column":26}},"loc":{"start":{"line":5,"column":40},"end":{"line":11,"column":1}},"line":5}},"branchMap":{},"s":{"0":1,"1":1,"2":1,"3":1,"4":106,"5":106,"6":106,"7":106,"8":106,"9":1},"f":{"0":106},"b":{},"_coverageSchema":"1a1c01bbd47fc00a2c39e90264f33305004495a9","hash":"558a0975feb180defeda3eea99203643089171a8"}
,"C:\\Users\\svolt\\Desktop\\String gen\\random-string\\lib\\emoji.js": {"path":"C:\\Users\\svolt\\Desktop\\String gen\\random-string\\lib\\emoji.js","statementMap":{"0":{"start":{"line":2,"column":0},"end":{"line":2,"column":62}},"1":{"start":{"line":3,"column":0},"end":{"line":3,"column":24}},"2":{"start":{"line":4,"column":0},"end":{"line":1779,"column":2}}},"fnMap":{},"branchMap":{},"s":{"0":1,"1":1,"2":1},"f":{},"b":{},"_coverageSchema":"1a1c01bbd47fc00a2c39e90264f33305004495a9","hash":"9c68649be4e3bc919cafc2ffdbea6231e8bd6848"}
,"C:\\Users\\svolt\\Desktop\\String gen\\random-string\\lib\\index.js": {"path":"C:\\Users\\svolt\\Desktop\\String gen\\random-string\\lib\\index.js","statementMap":{"0":{"start":{"line":2,"column":0},"end":{"line":2,"column":62}},"1":{"start":{"line":3,"column":0},"end":{"line":3,"column":57}},"2":{"start":{"line":4,"column":21},"end":{"line":4,"column":46}},"3":{"start":{"line":5,"column":14},"end":{"line":5,"column":32}},"4":{"start":{"line":6,"column":14},"end":{"line":6,"column":32}},"5":{"start":{"line":7,"column":22},"end":{"line":7,"column":48}},"6":{"start":{"line":12,"column":15},"end":{"line":71,"column":1}},"7":{"start":{"line":13,"column":17},"end":{"line":13,"column":19}},"8":{"start":{"line":14,"column":4},"end":{"line":69,"column":5}},"9":{"start":{"line":15,"column":18},"end":{"line":15,"column":38}},"10":{"start":{"line":16,"column":25},"end":{"line":16,"column":45}},"11":{"start":{"line":17,"column":31},"end":{"line":17,"column":48}},"12":{"start":{"line":18,"column":8},"end":{"line":20,"column":9}},"13":{"start":{"line":18,"column":21},"end":{"line":18,"column":22}},"14":{"start":{"line":19,"column":12},"end":{"line":19,"column":99}},"15":{"start":{"line":22,"column":9},"end":{"line":69,"column":5}},"16":{"start":{"line":23,"column":8},"end":{"line":25,"column":9}},"17":{"start":{"line":24,"column":12},"end":{"line":24,"column":31}},"18":{"start":{"line":26,"column":8},"end":{"line":68,"column":9}},"19":{"start":{"line":27,"column":29},"end":{"line":27,"column":41}},"20":{"start":{"line":28,"column":35},"end":{"line":28,"column":63}},"21":{"start":{"line":29,"column":12},"end":{"line":31,"column":13}},"22":{"start":{"line":29,"column":25},"end":{"line":29,"column":26}},"23":{"start":{"line":30,"column":16},"end":{"line":30,"column":103}},"24":{"start":{"line":32,"column":12},"end":{"line":32,"column":70}},"25":{"start":{"line":34,"column":13},"end":{"line":68,"column":9}},"26":{"start":{"line":35,"column":12},"end":{"line":35,"column":102}},"27":{"start":{"line":36,"column":12},"end":{"line":36,"column":78}},"28":{"start":{"line":38,"column":13},"end":{"line":68,"column":9}},"29":{"start":{"line":39,"column":12},"end":{"line":41,"column":13}},"30":{"start":{"line":39,"column":25},"end":{"line":39,"column":26}},"31":{"start":{"line":40,"column":16},"end":{"line":40,"column":69}},"32":{"start":{"line":43,"column":13},"end":{"line":68,"column":9}},"33":{"start":{"line":44,"column":12},"end":{"line":46,"column":13}},"34":{"start":{"line":44,"column":25},"end":{"line":44,"column":26}},"35":{"start":{"line":45,"column":16},"end":{"line":45,"column":69}},"36":{"start":{"line":48,"column":13},"end":{"line":68,"column":9}},"37":{"start":{"line":49,"column":35},"end":{"line":49,"column":53}},"38":{"start":{"line":50,"column":12},"end":{"line":52,"column":13}},"39":{"start":{"line":50,"column":25},"end":{"line":50,"column":26}},"40":{"start":{"line":51,"column":16},"end":{"line":51,"column":104}},"41":{"start":{"line":53,"column":12},"end":{"line":53,"column":70}},"42":{"start":{"line":55,"column":13},"end":{"line":68,"column":9}},"43":{"start":{"line":56,"column":35},"end":{"line":56,"column":58}},"44":{"start":{"line":57,"column":12},"end":{"line":59,"column":13}},"45":{"start":{"line":57,"column":25},"end":{"line":57,"column":26}},"46":{"start":{"line":58,"column":16},"end":{"line":58,"column":109}},"47":{"start":{"line":60,"column":12},"end":{"line":60,"column":70}},"48":{"start":{"line":63,"column":35},"end":{"line":63,"column":62}},"49":{"start":{"line":64,"column":12},"end":{"line":66,"column":13}},"50":{"start":{"line":64,"column":25},"end":{"line":64,"column":26}},"51":{"start":{"line":65,"column":16},"end":{"line":65,"column":113}},"52":{"start":{"line":67,"column":12},"end":{"line":67,"column":70}},"53":{"start":{"line":70,"column":4},"end":{"line":70,"column":18}},"54":{"start":{"line":72,"column":0},"end":{"line":72,"column":28}},"55":{"start":{"line":73,"column":27},"end":{"line":81,"column":1}},"56":{"start":{"line":74,"column":14},"end":{"line":74,"column":34}},"57":{"start":{"line":75,"column":17},"end":{"line":75,"column":19}},"58":{"start":{"line":76,"column":27},"end":{"line":76,"column":48}},"59":{"start":{"line":77,"column":4},"end":{"line":79,"column":5}},"60":{"start":{"line":77,"column":17},"end":{"line":77,"column":18}},"61":{"start":{"line":78,"column":8},"end":{"line":78,"column":99}},"62":{"start":{"line":80,"column":4},"end":{"line":80,"column":18}},"63":{"start":{"line":82,"column":0},"end":{"line":82,"column":52}}},"fnMap":{"0":{"name":"(anonymous_0)","decl":{"start":{"line":12,"column":15},"end":{"line":12,"column":16}},"loc":{"start":{"line":12,"column":33},"end":{"line":71,"column":1}},"line":12},"1":{"name":"(anonymous_1)","decl":{"start":{"line":73,"column":27},"end":{"line":73,"column":28}},"loc":{"start":{"line":73,"column":45},"end":{"line":81,"column":1}},"line":73}},"branchMap":{"0":{"loc":{"start":{"line":14,"column":4},"end":{"line":69,"column":5}},"type":"if","locations":[{"start":{"line":14,"column":4},"end":{"line":69,"column":5}},{"start":{"line":22,"column":9},"end":{"line":69,"column":5}}],"line":14},"1":{"loc":{"start":{"line":14,"column":8},"end":{"line":14,"column":45}},"type":"binary-expr","locations":[{"start":{"line":14,"column":8},"end":{"line":14,"column":34}},{"start":{"line":14,"column":38},"end":{"line":14,"column":45}}],"line":14},"2":{"loc":{"start":{"line":15,"column":18},"end":{"line":15,"column":38}},"type":"cond-expr","locations":[{"start":{"line":15,"column":27},"end":{"line":15,"column":33}},{"start":{"line":15,"column":36},"end":{"line":15,"column":38}}],"line":15},"3":{"loc":{"start":{"line":22,"column":9},"end":{"line":69,"column":5}},"type":"if","locations":[{"start":{"line":22,"column":9},"end":{"line":69,"column":5}},{"start":{},"end":{}}],"line":22},"4":{"loc":{"start":{"line":23,"column":8},"end":{"line":25,"column":9}},"type":"if","locations":[{"start":{"line":23,"column":8},"end":{"line":25,"column":9}},{"start":{},"end":{}}],"line":23},"5":{"loc":{"start":{"line":26,"column":8},"end":{"line":68,"column":9}},"type":"if","locations":[{"start":{"line":26,"column":8},"end":{"line":68,"column":9}},{"start":{"line":34,"column":13},"end":{"line":68,"column":9}}],"line":26},"6":{"loc":{"start":{"line":34,"column":13},"end":{"line":68,"column":9}},"type":"if","locations":[{"start":{"line":34,"column":13},"end":{"line":68,"column":9}},{"start":{"line":38,"column":13},"end":{"line":68,"column":9}}],"line":34},"7":{"loc":{"start":{"line":38,"column":13},"end":{"line":68,"column":9}},"type":"if","locations":[{"start":{"line":38,"column":13},"end":{"line":68,"column":9}},{"start":{"line":43,"column":13},"end":{"line":68,"column":9}}],"line":38},"8":{"loc":{"start":{"line":43,"column":13},"end":{"line":68,"column":9}},"type":"if","locations":[{"start":{"line":43,"column":13},"end":{"line":68,"column":9}},{"start":{"line":48,"column":13},"end":{"line":68,"column":9}}],"line":43},"9":{"loc":{"start":{"line":48,"column":13},"end":{"line":68,"column":9}},"type":"if","locations":[{"start":{"line":48,"column":13},"end":{"line":68,"column":9}},{"start":{"line":55,"column":13},"end":{"line":68,"column":9}}],"line":48},"10":{"loc":{"start":{"line":55,"column":13},"end":{"line":68,"column":9}},"type":"if","locations":[{"start":{"line":55,"column":13},"end":{"line":68,"column":9}},{"start":{"line":62,"column":13},"end":{"line":68,"column":9}}],"line":55},"11":{"loc":{"start":{"line":74,"column":14},"end":{"line":74,"column":34}},"type":"cond-expr","locations":[{"start":{"line":74,"column":23},"end":{"line":74,"column":29}},{"start":{"line":74,"column":32},"end":{"line":74,"column":34}}],"line":74}},"s":{"0":1,"1":1,"2":1,"3":1,"4":1,"5":1,"6":1,"7":15,"8":15,"9":2,"10":2,"11":2,"12":2,"13":2,"14":25,"15":13,"16":13,"17":2,"18":13,"19":3,"20":3,"21":3,"22":3,"23":22,"24":3,"25":10,"26":2,"27":2,"28":8,"29":1,"30":1,"31":6,"32":7,"33":1,"34":1,"35":6,"36":6,"37":1,"38":1,"39":1,"40":6,"41":1,"42":5,"43":3,"44":3,"45":3,"46":18,"47":3,"48":2,"49":2,"50":2,"51":21,"52":2,"53":15,"54":1,"55":1,"56":0,"57":0,"58":0,"59":0,"60":0,"61":0,"62":0,"63":1},"f":{"0":15,"1":0},"b":{"0":[2,13],"1":[15,14],"2":[1,1],"3":[13,0],"4":[2,11],"5":[3,10],"6":[2,8],"7":[1,7],"8":[1,6],"9":[1,5],"10":[3,2],"11":[0,0]},"_coverageSchema":"1a1c01bbd47fc00a2c39e90264f33305004495a9","hash":"a8ec9cf96b7d853e086b8a9e2251f007762eba0f"}
,"C:\\Users\\svolt\\Desktop\\String gen\\random-string\\lib\\types.js": {"path":"C:\\Users\\svolt\\Desktop\\String gen\\random-string\\lib\\types.js","statementMap":{"0":{"start":{"line":2,"column":0},"end":{"line":2,"column":62}},"1":{"start":{"line":3,"column":0},"end":{"line":3,"column":178}},"2":{"start":{"line":4,"column":0},"end":{"line":4,"column":39}},"3":{"start":{"line":5,"column":0},"end":{"line":5,"column":57}},"4":{"start":{"line":6,"column":0},"end":{"line":6,"column":74}},"5":{"start":{"line":7,"column":0},"end":{"line":7,"column":88}},"6":{"start":{"line":8,"column":0},"end":{"line":8,"column":30}},"7":{"start":{"line":9,"column":0},"end":{"line":9,"column":120}},"8":{"start":{"line":10,"column":0},"end":{"line":10,"column":72}},"9":{"start":{"line":11,"column":0},"end":{"line":12,"column":8}}},"fnMap":{},"branchMap":{},"s":{"0":1,"1":1,"2":1,"3":1,"4":1,"5":1,"6":1,"7":1,"8":1,"9":1},"f":{},"b":{},"_coverageSchema":"1a1c01bbd47fc00a2c39e90264f33305004495a9","hash":"3566b6887e1fb058923341ca08c05ab20c46cfde"}
}
