TN:
SF:lib\check.option.js
FN:5,(anonymous_0)
FNF:1
FNH:1
FNDA:11,(anonymous_0)
DA:2,1
DA:3,1
DA:4,1
DA:5,1
DA:6,11
DA:7,11
DA:8,4
DA:9,4
DA:16,4
DA:17,4
DA:18,43
DA:21,11
DA:22,0
DA:23,0
DA:24,0
DA:25,0
DA:28,11
DA:29,0
DA:31,11
DA:32,0
DA:34,11
DA:35,2
DA:37,9
DA:38,2
DA:40,7
DA:42,1
LF:26
LH:20
BRDA:7,0,0,4
BRDA:7,0,1,7
BRDA:9,1,0,1
BRDA:9,1,1,3
BRDA:11,2,0,1
BRDA:11,2,1,2
BRDA:13,3,0,0
BRDA:13,3,1,2
BRDA:21,4,0,0
BRDA:21,4,1,11
BRDA:28,5,0,0
BRDA:28,5,1,11
BRDA:31,6,0,0
BRDA:31,6,1,11
BRDA:34,7,0,2
BRDA:34,7,1,9
BRDA:37,8,0,2
BRDA:37,8,1,7
BRF:18
BRH:14
end_of_record
TN:
SF:lib\cryptorandomt.js
FN:5,(anonymous_0)
FNF:1
FNH:1
FNDA:106,(anonymous_0)
DA:2,1
DA:3,1
DA:4,1
DA:5,1
DA:6,106
DA:7,106
DA:8,106
DA:9,106
DA:10,106
DA:12,1
LF:10
LH:10
BRF:0
BRH:0
end_of_record
TN:
SF:lib\emoji.js
FNF:0
FNH:0
DA:2,1
DA:3,1
DA:4,1
LF:3
LH:3
BRF:0
BRH:0
end_of_record
TN:
SF:lib\index.js
FN:12,(anonymous_0)
FN:73,(anonymous_1)
FNF:2
FNH:1
FNDA:15,(anonymous_0)
FNDA:0,(anonymous_1)
DA:2,1
DA:3,1
DA:4,1
DA:5,1
DA:6,1
DA:7,1
DA:12,1
DA:13,15
DA:14,15
DA:15,2
DA:16,2
DA:17,2
DA:18,2
DA:19,25
DA:22,13
DA:23,13
DA:24,2
DA:26,13
DA:27,3
DA:28,3
DA:29,3
DA:30,22
DA:32,3
DA:34,10
DA:35,2
DA:36,2
DA:38,8
DA:39,1
DA:40,6
DA:43,7
DA:44,1
DA:45,6
DA:48,6
DA:49,1
DA:50,1
DA:51,6
DA:53,1
DA:55,5
DA:56,3
DA:57,3
DA:58,18
DA:60,3
DA:63,2
DA:64,2
DA:65,21
DA:67,2
DA:70,15
DA:72,1
DA:73,1
DA:74,0
DA:75,0
DA:76,0
DA:77,0
DA:78,0
DA:80,0
DA:82,1
LF:56
LH:50
BRDA:14,0,0,2
BRDA:14,0,1,13
BRDA:14,1,0,15
BRDA:14,1,1,14
BRDA:15,2,0,1
BRDA:15,2,1,1
BRDA:22,3,0,13
BRDA:22,3,1,0
BRDA:23,4,0,2
BRDA:23,4,1,11
BRDA:26,5,0,3
BRDA:26,5,1,10
BRDA:34,6,0,2
BRDA:34,6,1,8
BRDA:38,7,0,1
BRDA:38,7,1,7
BRDA:43,8,0,1
BRDA:43,8,1,6
BRDA:48,9,0,1
BRDA:48,9,1,5
BRDA:55,10,0,3
BRDA:55,10,1,2
BRDA:74,11,0,0
BRDA:74,11,1,0
BRF:24
BRH:21
end_of_record
TN:
SF:lib\types.js
FNF:0
FNH:0
DA:2,1
DA:3,1
DA:4,1
DA:5,1
DA:6,1
DA:7,1
DA:8,1
DA:9,1
DA:10,1
DA:11,1
LF:10
LH:10
BRF:0
BRH:0
end_of_record
